[debug] [2023-06-19T22:07:53.729Z] ----------------------------------------------------------------------
[debug] [2023-06-19T22:07:53.731Z] Command:       C:\Program Files\nodejs\node.exe C:\Users\zelek\AppData\Roaming\npm\node_modules\firebase-tools\lib\bin\firebase.js init
[debug] [2023-06-19T22:07:53.731Z] CLI Version:   12.4.0
[debug] [2023-06-19T22:07:53.732Z] Platform:      win32
[debug] [2023-06-19T22:07:53.732Z] Node Version:  v18.16.0
[debug] [2023-06-19T22:07:53.733Z] Time:          Mon Jun 19 2023 17:07:53 GMT-0500 (Central Daylight Time)
[debug] [2023-06-19T22:07:53.733Z] ----------------------------------------------------------------------
[debug] 
[debug] [2023-06-19T22:07:53.797Z] > command requires scopes: ["email","openid","https://www.googleapis.com/auth/cloudplatformprojects.readonly","https://www.googleapis.com/auth/firebase","https://www.googleapis.com/auth/cloud-platform"]
[debug] [2023-06-19T22:07:53.798Z] > authorizing via signed-in user (zelekemadebo2015@gmail.com)
[info] 
     ######## #### ########  ######## ########     ###     ######  ########
     ##        ##  ##     ## ##       ##     ##  ##   ##  ##       ##
     ######    ##  ########  ######   ########  #########  ######  ######
     ##        ##  ##    ##  ##       ##     ## ##     ##       ## ##
     ##       #### ##     ## ######## ########  ##     ##  ######  ########

You're about to initialize a Firebase project in this directory:

  C:\Users\zelek\OneDrive\Desktop\Evangadi Full stack website\EVANGAD 123\Portifolio Project\Apple-Clone\Apple-React

Before we get started, keep in mind:

  * You are initializing within an existing Firebase project directory

[info] 
=== Project Setup
[info] 
[info] First, let's associate this project directory with a Firebase project.
[info] You can create multiple project aliases by running firebase use --add, 
[info] but for now we'll just set up a default project.
[info] 
[debug] [2023-06-19T22:08:04.116Z] Using project from CLI flag: appleclone-react
[debug] [2023-06-19T22:08:04.119Z] >>> [apiv2][query] GET https://firebase.googleapis.com/v1beta1/projects/appleclone-react [none]
[debug] [2023-06-19T22:08:04.402Z] <<< [apiv2][status] GET https://firebase.googleapis.com/v1beta1/projects/appleclone-react 403
[debug] [2023-06-19T22:08:04.402Z] <<< [apiv2][body] GET https://firebase.googleapis.com/v1beta1/projects/appleclone-react {"error":{"code":403,"message":"The caller does not have permission","status":"PERMISSION_DENIED"}}
[debug] [2023-06-19T22:08:04.403Z] HTTP Error: 403, The caller does not have permission
[debug] [2023-06-19T22:08:04.537Z] FirebaseError: HTTP Error: 403, The caller does not have permission
    at responseToError (C:\Users\zelek\AppData\Roaming\npm\node_modules\firebase-tools\lib\responseToError.js:49:12)
    at RetryOperation._fn (C:\Users\zelek\AppData\Roaming\npm\node_modules\firebase-tools\lib\apiv2.js:288:77)
    at process.processTicksAndRejections (node:internal/process/task_queues:95:5)
[error] 
[error] Error: Failed to get Firebase project appleclone-react. Please make sure the project exists and your account has permission to access it.
